-------------------------------------------------------
Marvellous Automation Script 
-------------------------------------------------------

Files from the directory are : 

-------------------------------------------------------

Marvellous\Empty.txt : 0bytes
Marvellous\Kolhapur\Empty.txt : 0bytes
Marvellous\Sangli\Empty.txt : 0bytes
Marvellous\Sangli\Sangli_1.py : 123bytes
Marvellous\Sangli\Sangli_3.py : 123bytes
Marvellous\Sangli\Sangli_5.py : 123bytes
Marvellous\Satara\Empty.txt : 0bytes
Marvellous\Satara\Satara_1.py : 123bytes
Marvellous\Satara\Satara_2.py : 123bytes
Marvellous\Satara\Satara_3.py : 123bytes
-------------------------------------------------------
Total Files Scanned : 10
Total Empty Files Identfied and Deleted : 4
-------------------------------------------------------
Log file gets created at : Sun Jul 19 20:33:47 2026
-------------------------------------------------------
